build/app/intermediates/manifest_merge_blame_file/debug/manifest-merger-blame-debug-report.txt
1<?xml version="1.0" encoding="utf-8"?>
2<manifest xmlns:android="http://schemas.android.com/apk/res/android"
3    package="com.example.aquinosolar"
4    android:versionCode="1"
5    android:versionName="1.0.0" >
6
7    <uses-sdk
8        android:minSdkVersion="23"
9        android:targetSdkVersion="30" />
10    <!--
11         Flutter needs it to communicate with the running application
12         to allow setting breakpoints, to provide hot reload, etc.
13    -->
14    <uses-permission android:name="android.permission.INTERNET" />
14-->src\debug\AndroidManifest.xml:6:5-66
14-->src\debug\AndroidManifest.xml:6:22-64
15    <uses-permission android:name="android.permission.ACCESS_NETWORK_STATE" />
15-->[com.google.firebase:firebase-auth:21.0.1] AndroidManifest.xml:24:5-79
15-->[com.google.firebase:firebase-auth:21.0.1] AndroidManifest.xml:24:22-76
16
17    <application
17-->src\main\AndroidManifest.xml:3:4-40:19
18        android:appComponentFactory="androidx.core.app.CoreComponentFactory"
18-->[androidx.core:core:1.1.0] AndroidManifest.xml:24:18-86
19        android:debuggable="true"
20        android:extractNativeLibs="false"
21        android:icon="@mipmap/ic_launcher"
21-->src\main\AndroidManifest.xml:5:9-43
22        android:label="aquinosolar" >
22-->src\main\AndroidManifest.xml:4:9-36
23        <activity
23-->src\main\AndroidManifest.xml:6:9-34:20
24            android:name="com.example.aquinosolar.MainActivity"
24-->src\main\AndroidManifest.xml:7:13-41
25            android:configChanges="orientation|keyboardHidden|keyboard|screenSize|smallestScreenSize|locale|layoutDirection|fontScale|screenLayout|density|uiMode"
25-->src\main\AndroidManifest.xml:10:13-163
26            android:hardwareAccelerated="true"
26-->src\main\AndroidManifest.xml:11:13-47
27            android:launchMode="singleTop"
27-->src\main\AndroidManifest.xml:8:13-43
28            android:theme="@style/LaunchTheme"
28-->src\main\AndroidManifest.xml:9:13-47
29            android:windowSoftInputMode="adjustResize" >
29-->src\main\AndroidManifest.xml:12:13-55
30
31            <!--
32                 Specifies an Android theme to apply to this Activity as soon as
33                 the Android process has started. This theme is visible to the user
34                 while the Flutter UI initializes. After that, this theme continues
35                 to determine the Window background behind the Flutter UI.
36            -->
37            <meta-data
37-->src\main\AndroidManifest.xml:17:13-20:17
38                android:name="io.flutter.embedding.android.NormalTheme"
38-->src\main\AndroidManifest.xml:18:15-70
39                android:resource="@style/NormalTheme" />
39-->src\main\AndroidManifest.xml:19:15-52
40            <!--
41                 Displays an Android View that continues showing the launch screen
42                 Drawable until Flutter paints its first frame, then this splash
43                 screen fades out. A splash screen is useful to avoid any visual
44                 gap between the end of Android's launch screen and the painting of
45                 Flutter's first frame.
46            -->
47            <meta-data
47-->src\main\AndroidManifest.xml:26:13-29:17
48                android:name="io.flutter.embedding.android.SplashScreenDrawable"
48-->src\main\AndroidManifest.xml:27:15-79
49                android:resource="@drawable/launch_background" />
49-->src\main\AndroidManifest.xml:28:15-61
50
51            <intent-filter>
51-->src\main\AndroidManifest.xml:30:13-33:29
52                <action android:name="android.intent.action.MAIN" />
52-->src\main\AndroidManifest.xml:31:17-68
52-->src\main\AndroidManifest.xml:31:25-66
53
54                <category android:name="android.intent.category.LAUNCHER" />
54-->src\main\AndroidManifest.xml:32:17-76
54-->src\main\AndroidManifest.xml:32:27-74
55            </intent-filter>
56        </activity>
57        <!--
58             Don't delete the meta-data below.
59             This is used by the Flutter tool to generate GeneratedPluginRegistrant.java
60        -->
61        <meta-data
61-->src\main\AndroidManifest.xml:37:9-39:33
62            android:name="flutterEmbedding"
62-->src\main\AndroidManifest.xml:38:13-44
63            android:value="2" />
63-->src\main\AndroidManifest.xml:39:13-30
64
65        <service
65-->[:firebase_auth] AndroidManifest.xml:8:9-12:19
66            android:name="com.google.firebase.components.ComponentDiscoveryService"
66-->[:firebase_auth] AndroidManifest.xml:8:18-89
67            android:directBootAware="true"
67-->[com.google.firebase:firebase-common:20.0.0] AndroidManifest.xml:35:13-43
68            android:exported="false" >
68-->[com.google.firebase:firebase-auth:21.0.1] AndroidManifest.xml:76:13-37
69            <meta-data
69-->[:firebase_auth] AndroidManifest.xml:9:13-11:85
70                android:name="com.google.firebase.components:io.flutter.plugins.firebase.auth.FlutterFirebaseAuthRegistrar"
70-->[:firebase_auth] AndroidManifest.xml:10:17-124
71                android:value="com.google.firebase.components.ComponentRegistrar" />
71-->[:firebase_auth] AndroidManifest.xml:11:17-82
72            <meta-data
72-->[:firebase_storage] AndroidManifest.xml:9:13-11:85
73                android:name="com.google.firebase.components:io.flutter.plugins.firebase.storage.FlutterFirebaseAppRegistrar"
73-->[:firebase_storage] AndroidManifest.xml:10:17-126
74                android:value="com.google.firebase.components.ComponentRegistrar" />
74-->[:firebase_storage] AndroidManifest.xml:11:17-82
75            <meta-data
75-->[:cloud_firestore] AndroidManifest.xml:9:13-11:85
76                android:name="com.google.firebase.components:io.flutter.plugins.firebase.firestore.FlutterFirebaseFirestoreRegistrar"
76-->[:cloud_firestore] AndroidManifest.xml:10:17-134
77                android:value="com.google.firebase.components.ComponentRegistrar" />
77-->[:cloud_firestore] AndroidManifest.xml:11:17-82
78            <meta-data
78-->[:firebase_core] AndroidManifest.xml:9:13-11:85
79                android:name="com.google.firebase.components:io.flutter.plugins.firebase.core.FlutterFirebaseCoreRegistrar"
79-->[:firebase_core] AndroidManifest.xml:10:17-124
80                android:value="com.google.firebase.components.ComponentRegistrar" />
80-->[:firebase_core] AndroidManifest.xml:11:17-82
81            <meta-data
81-->[com.google.firebase:firebase-auth:21.0.1] AndroidManifest.xml:77:13-79:85
82                android:name="com.google.firebase.components:com.google.firebase.auth.FirebaseAuthRegistrar"
82-->[com.google.firebase:firebase-auth:21.0.1] AndroidManifest.xml:78:17-109
83                android:value="com.google.firebase.components.ComponentRegistrar" />
83-->[com.google.firebase:firebase-auth:21.0.1] AndroidManifest.xml:79:17-82
84            <meta-data
84-->[com.google.firebase:firebase-firestore:23.0.3] AndroidManifest.xml:20:13-22:85
85                android:name="com.google.firebase.components:com.google.firebase.firestore.FirestoreRegistrar"
85-->[com.google.firebase:firebase-firestore:23.0.3] AndroidManifest.xml:21:17-111
86                android:value="com.google.firebase.components.ComponentRegistrar" />
86-->[com.google.firebase:firebase-firestore:23.0.3] AndroidManifest.xml:22:17-82
87            <meta-data
87-->[com.google.firebase:firebase-storage:20.0.0] AndroidManifest.xml:33:13-35:85
88                android:name="com.google.firebase.components:com.google.firebase.storage.StorageRegistrar"
88-->[com.google.firebase:firebase-storage:20.0.0] AndroidManifest.xml:34:17-107
89                android:value="com.google.firebase.components.ComponentRegistrar" />
89-->[com.google.firebase:firebase-storage:20.0.0] AndroidManifest.xml:35:17-82
90        </service>
91
92        <activity
92-->[com.google.firebase:firebase-auth:21.0.1] AndroidManifest.xml:27:9-44:20
93            android:name="com.google.firebase.auth.internal.GenericIdpActivity"
93-->[com.google.firebase:firebase-auth:21.0.1] AndroidManifest.xml:28:13-80
94            android:excludeFromRecents="true"
94-->[com.google.firebase:firebase-auth:21.0.1] AndroidManifest.xml:29:13-46
95            android:exported="true"
95-->[com.google.firebase:firebase-auth:21.0.1] AndroidManifest.xml:30:13-36
96            android:launchMode="singleTask"
96-->[com.google.firebase:firebase-auth:21.0.1] AndroidManifest.xml:31:13-44
97            android:theme="@android:style/Theme.Translucent.NoTitleBar" >
97-->[com.google.firebase:firebase-auth:21.0.1] AndroidManifest.xml:32:13-72
98            <intent-filter>
98-->[com.google.firebase:firebase-auth:21.0.1] AndroidManifest.xml:33:13-43:29
99                <action android:name="android.intent.action.VIEW" />
99-->[com.google.firebase:firebase-auth:21.0.1] AndroidManifest.xml:34:17-69
99-->[com.google.firebase:firebase-auth:21.0.1] AndroidManifest.xml:34:25-66
100
101                <category android:name="android.intent.category.DEFAULT" />
101-->[com.google.firebase:firebase-auth:21.0.1] AndroidManifest.xml:36:17-76
101-->[com.google.firebase:firebase-auth:21.0.1] AndroidManifest.xml:36:27-73
102                <category android:name="android.intent.category.BROWSABLE" />
102-->[com.google.firebase:firebase-auth:21.0.1] AndroidManifest.xml:37:17-78
102-->[com.google.firebase:firebase-auth:21.0.1] AndroidManifest.xml:37:27-75
103
104                <data
104-->[com.google.firebase:firebase-auth:21.0.1] AndroidManifest.xml:39:17-42:51
105                    android:host="firebase.auth"
105-->[com.google.firebase:firebase-auth:21.0.1] AndroidManifest.xml:40:21-49
106                    android:path="/"
106-->[com.google.firebase:firebase-auth:21.0.1] AndroidManifest.xml:41:21-37
107                    android:scheme="genericidp" />
107-->[com.google.firebase:firebase-auth:21.0.1] AndroidManifest.xml:42:21-48
108            </intent-filter>
109        </activity>
110        <activity
110-->[com.google.firebase:firebase-auth:21.0.1] AndroidManifest.xml:45:9-62:20
111            android:name="com.google.firebase.auth.internal.RecaptchaActivity"
111-->[com.google.firebase:firebase-auth:21.0.1] AndroidManifest.xml:46:13-79
112            android:excludeFromRecents="true"
112-->[com.google.firebase:firebase-auth:21.0.1] AndroidManifest.xml:47:13-46
113            android:exported="true"
113-->[com.google.firebase:firebase-auth:21.0.1] AndroidManifest.xml:48:13-36
114            android:launchMode="singleTask"
114-->[com.google.firebase:firebase-auth:21.0.1] AndroidManifest.xml:49:13-44
115            android:theme="@android:style/Theme.Translucent.NoTitleBar" >
115-->[com.google.firebase:firebase-auth:21.0.1] AndroidManifest.xml:50:13-72
116            <intent-filter>
116-->[com.google.firebase:firebase-auth:21.0.1] AndroidManifest.xml:51:13-61:29
117                <action android:name="android.intent.action.VIEW" />
117-->[com.google.firebase:firebase-auth:21.0.1] AndroidManifest.xml:34:17-69
117-->[com.google.firebase:firebase-auth:21.0.1] AndroidManifest.xml:34:25-66
118
119                <category android:name="android.intent.category.DEFAULT" />
119-->[com.google.firebase:firebase-auth:21.0.1] AndroidManifest.xml:36:17-76
119-->[com.google.firebase:firebase-auth:21.0.1] AndroidManifest.xml:36:27-73
120                <category android:name="android.intent.category.BROWSABLE" />
120-->[com.google.firebase:firebase-auth:21.0.1] AndroidManifest.xml:37:17-78
120-->[com.google.firebase:firebase-auth:21.0.1] AndroidManifest.xml:37:27-75
121
122                <data
122-->[com.google.firebase:firebase-auth:21.0.1] AndroidManifest.xml:39:17-42:51
123                    android:host="firebase.auth"
123-->[com.google.firebase:firebase-auth:21.0.1] AndroidManifest.xml:40:21-49
124                    android:path="/"
124-->[com.google.firebase:firebase-auth:21.0.1] AndroidManifest.xml:41:21-37
125                    android:scheme="recaptcha" />
125-->[com.google.firebase:firebase-auth:21.0.1] AndroidManifest.xml:42:21-48
126            </intent-filter>
127        </activity>
128
129        <service
129-->[com.google.firebase:firebase-auth:21.0.1] AndroidManifest.xml:64:9-73:19
130            android:name="com.google.firebase.auth.api.fallback.service.FirebaseAuthFallbackService"
130-->[com.google.firebase:firebase-auth:21.0.1] AndroidManifest.xml:65:13-101
131            android:enabled="true"
131-->[com.google.firebase:firebase-auth:21.0.1] AndroidManifest.xml:66:13-35
132            android:exported="false" >
132-->[com.google.firebase:firebase-auth:21.0.1] AndroidManifest.xml:67:13-37
133            <intent-filter>
133-->[com.google.firebase:firebase-auth:21.0.1] AndroidManifest.xml:68:13-72:29
134                <action android:name="com.google.firebase.auth.api.gms.service.START" />
134-->[com.google.firebase:firebase-auth:21.0.1] AndroidManifest.xml:69:17-89
134-->[com.google.firebase:firebase-auth:21.0.1] AndroidManifest.xml:69:25-86
135
136                <category android:name="android.intent.category.DEFAULT" />
136-->[com.google.firebase:firebase-auth:21.0.1] AndroidManifest.xml:36:17-76
136-->[com.google.firebase:firebase-auth:21.0.1] AndroidManifest.xml:36:27-73
137            </intent-filter>
138        </service>
139
140        <provider
140-->[com.google.firebase:firebase-common:20.0.0] AndroidManifest.xml:26:9-31:39
141            android:name="com.google.firebase.provider.FirebaseInitProvider"
141-->[com.google.firebase:firebase-common:20.0.0] AndroidManifest.xml:27:13-77
142            android:authorities="com.example.aquinosolar.firebaseinitprovider"
142-->[com.google.firebase:firebase-common:20.0.0] AndroidManifest.xml:28:13-72
143            android:directBootAware="true"
143-->[com.google.firebase:firebase-common:20.0.0] AndroidManifest.xml:29:13-43
144            android:exported="false"
144-->[com.google.firebase:firebase-common:20.0.0] AndroidManifest.xml:30:13-37
145            android:initOrder="100" />
145-->[com.google.firebase:firebase-common:20.0.0] AndroidManifest.xml:31:13-36
146
147        <activity
147-->[com.google.android.gms:play-services-auth:16.0.1] AndroidManifest.xml:23:9-27:75
148            android:name="com.google.android.gms.auth.api.signin.internal.SignInHubActivity"
148-->[com.google.android.gms:play-services-auth:16.0.1] AndroidManifest.xml:24:13-93
149            android:excludeFromRecents="true"
149-->[com.google.android.gms:play-services-auth:16.0.1] AndroidManifest.xml:25:13-46
150            android:exported="false"
150-->[com.google.android.gms:play-services-auth:16.0.1] AndroidManifest.xml:26:13-37
151            android:theme="@android:style/Theme.Translucent.NoTitleBar" />
151-->[com.google.android.gms:play-services-auth:16.0.1] AndroidManifest.xml:27:13-72
152        <!--
153            Service handling Google Sign-In user revocation. For apps that do not integrate with
154            Google Sign-In, this service will never be started.
155        -->
156        <service
156-->[com.google.android.gms:play-services-auth:16.0.1] AndroidManifest.xml:33:9-36:110
157            android:name="com.google.android.gms.auth.api.signin.RevocationBoundService"
157-->[com.google.android.gms:play-services-auth:16.0.1] AndroidManifest.xml:34:13-89
158            android:exported="true"
158-->[com.google.android.gms:play-services-auth:16.0.1] AndroidManifest.xml:35:13-36
159            android:permission="com.google.android.gms.auth.api.signin.permission.REVOCATION_NOTIFICATION" />
159-->[com.google.android.gms:play-services-auth:16.0.1] AndroidManifest.xml:36:13-107
160
161        <activity
161-->[com.google.android.gms:play-services-base:17.1.0] AndroidManifest.xml:23:9-26:75
162            android:name="com.google.android.gms.common.api.GoogleApiActivity"
162-->[com.google.android.gms:play-services-base:17.1.0] AndroidManifest.xml:24:13-79
163            android:exported="false"
163-->[com.google.android.gms:play-services-base:17.1.0] AndroidManifest.xml:25:13-37
164            android:theme="@android:style/Theme.Translucent.NoTitleBar" />
164-->[com.google.android.gms:play-services-base:17.1.0] AndroidManifest.xml:26:13-72
165
166        <meta-data
166-->[com.google.android.gms:play-services-basement:17.1.0] AndroidManifest.xml:23:9-25:69
167            android:name="com.google.android.gms.version"
167-->[com.google.android.gms:play-services-basement:17.1.0] AndroidManifest.xml:24:13-58
168            android:value="@integer/google_play_services_version" />
168-->[com.google.android.gms:play-services-basement:17.1.0] AndroidManifest.xml:25:13-66
169    </application>
170
171</manifest>